<?xml version="1.0" encoding="UTF-8"?>
<testsuite name="edu.curtin.oose2024s2.assignment2.HelloTest" tests="1" skipped="0" failures="0" errors="0" timestamp="2025-07-13T15:51:40" hostname="DESKTOP-QPFG437" time="0.013">
  <properties/>
  <testcase name="testHello()" classname="edu.curtin.oose2024s2.assignment2.HelloTest" time="0.013"/>
  <system-out><![CDATA[hi
]]></system-out>
  <system-err><![CDATA[]]></system-err>
</testsuite>
